14:57:08 > SQL0803 Se ha especificado valor de clave duplicada.
15:01:27 > SQL0803 Se ha especificado valor de clave duplicada.
15:25:22 > La conexión ya se encuentra abierta.
15:26:04 > La conexión ya se encuentra abierta.
15:26:09 > La conexión ya se encuentra abierta.
15:26:22 > La conexión ya se encuentra abierta.
15:27:40 > La conexión ya se encuentra abierta.
15:27:54 > La conexión ya se encuentra abierta.
15:28:55 > SQL0199 Palabra clave UPDATE inesperada. Símbolos válidos: FOR WITH FETCH ORDER UNION EXCEPT OPTIMIZE.
16:03:03 > SQL5001 El calificador de columna o tabla C no está definido.
16:56:57 > Encountered an unknown tag: {{#first listaItems}.{DepeAlmd}}. It was either not registered or exists in a different context.
17:07:17 > Encountered an unknown tag: {{#first listaItems}}. It was either not registered or exists in a different context.
17:37:22 > The key 0 could not be found.
18:32:16 > Se ha producido un error de comunicación.
18:47:43 > El índice estaba fuera del intervalo. Debe ser un valor no negativo e inferior al tamaño de la colección.
Nombre del parámetro: index
18:50:26 > El índice estaba fuera del intervalo. Debe ser un valor no negativo e inferior al tamaño de la colección.
Nombre del parámetro: index
18:50:28 > El índice estaba fuera del intervalo. Debe ser un valor no negativo e inferior al tamaño de la colección.
Nombre del parámetro: index
