09:09:32 > Se ha producido un error de comunicación.
09:09:38 > Se ha producido un error de comunicación.
09:10:14 > Se ha producido un error de comunicación.
09:11:46 > Se ha producido un error de comunicación.
09:14:14 > Se ha producido un error de comunicación.
09:33:51 > Se ha producido un error de comunicación.
09:34:31 > SQL0205 La columna GRCACIA no está en la tabla CCGRDE en INCAOBJ.
09:35:19 > SQL0205 La columna GRCACIA no está en la tabla CCGRDE en INCAOBJ.
10:41:25 > Se ha producido un error de comunicación.
11:56:42 > Se ha producido un error de comunicación.
11:58:13 > SQL0104 Símbolo DP no válido. Símbolos válidos: , FROM INTO.
12:12:35 > No se puede convertir un objeto DBNull en otros tipos.
13:58:40 > No se puede convertir un objeto DBNull en otros tipos.
13:58:59 > Se ha producido un error de comunicación.
14:04:28 > Se ha producido un error de comunicación.
14:28:30 > SQL0803 Se ha especificado valor de clave duplicada.
15:31:15 > Se ha producido un error de comunicación.
15:32:10 > SQL0803 Se ha especificado valor de clave duplicada.
17:09:17 > Se ha producido un error de comunicación.
18:10:34 > No se han especificado parámetros suficientes.  El mandato requiere 6 parámetro(s), pero sólo existe(n) 5 parámetro(s) en la colección de parámetros.
