16:05:23 > SQL0206 La columna B no está en las tablas especificadas.
16:06:43 > SQL0206 La columna B no está en las tablas especificadas.
16:10:33 > SQL0206 La columna B no está en las tablas especificadas.
16:18:47 > SQL0206 La columna B no está en las tablas especificadas.
16:20:10 > SQL0206 La columna B no está en las tablas especificadas.
16:28:24 > El índice estaba fuera del intervalo. Debe ser un valor no negativo e inferior al tamaño de la colección.
Nombre del parámetro: index
16:28:29 > El índice estaba fuera del intervalo. Debe ser un valor no negativo e inferior al tamaño de la colección.
Nombre del parámetro: index
16:36:27 > El índice estaba fuera del intervalo. Debe ser un valor no negativo e inferior al tamaño de la colección.
Nombre del parámetro: index
16:37:03 > El índice estaba fuera del intervalo. Debe ser un valor no negativo e inferior al tamaño de la colección.
Nombre del parámetro: index
17:50:19 > SQL0104 Símbolo D no válido. Símbolos válidos: ON FULL LEFT CROSS INNER RIGHT USING EXCEPTION.
18:11:33 > Referencia a objeto no establecida como instancia de un objeto.
18:24:54 > Referencia a objeto no establecida como instancia de un objeto.
18:27:57 > Referencia a objeto no establecida como instancia de un objeto.
18:33:43 > El objeto de tipo 'System.Decimal' no puede convertirse en el tipo 'System.String'.
18:34:10 > El objeto de tipo 'System.Decimal' no puede convertirse en el tipo 'System.String'.
18:36:48 > El objeto de tipo 'System.Decimal' no puede convertirse en el tipo 'System.String'.
18:37:02 > El objeto de tipo 'System.Decimal' no puede convertirse en el tipo 'System.String'.
18:37:30 > El objeto de tipo 'System.Decimal' no puede convertirse en el tipo 'System.String'.
18:37:30 > El objeto de tipo 'System.Decimal' no puede convertirse en el tipo 'System.String'.
18:38:13 > El objeto de tipo 'System.Decimal' no puede convertirse en el tipo 'System.String'.
18:39:50 > El objeto de tipo 'System.Decimal' no puede convertirse en el tipo 'System.String'.
