<<<<<<< HEAD
12:41:39 > The underlying provider failed on Open.
12:42:03 > The underlying provider failed on Open.
12:42:08 > The underlying provider failed on Open.
12:44:56 > The underlying provider failed on Open.
12:45:28 > The underlying provider failed on Open.
12:46:30 > The underlying provider failed on Open.
12:47:16 > The underlying provider failed on Open.
12:47:19 > The underlying provider failed on Open.
12:47:46 > The underlying provider failed on Open.
12:47:58 > The underlying provider failed on Open.
12:48:02 > The underlying provider failed on Open.
12:48:32 > La conexión no se puede abrir porque se ha sobrepasado el tiempo de espera de la conexión.
12:52:04 > The underlying provider failed on Open.
12:52:06 > The underlying provider failed on Open.
12:53:24 > The underlying provider failed on Open.
12:54:00 > The underlying provider failed on Open.
12:54:02 > The underlying provider failed on Open.
12:58:01 > The underlying provider failed on Open.
12:58:23 > The underlying provider failed on Open.
12:58:47 > The underlying provider failed on Open.
14:50:49 > The underlying provider failed on Open.
=======
12:45:39 > Validation failed for one or more entities. See 'EntityValidationErrors' property for more details.
12:46:39 > Validation failed for one or more entities. See 'EntityValidationErrors' property for more details.
12:48:04 > Validation failed for one or more entities. See 'EntityValidationErrors' property for more details.
12:59:02 > Validation failed for one or more entities. See 'EntityValidationErrors' property for more details.
13:02:55 > Validation failed for one or more entities. See 'EntityValidationErrors' property for more details.
14:22:04 > Validation failed for one or more entities. See 'EntityValidationErrors' property for more details.
14:31:00 > Validation failed for one or more entities. See 'EntityValidationErrors' property for more details.
14:33:49 > Validation failed for one or more entities. See 'EntityValidationErrors' property for more details.
14:35:38 > Validation failed for one or more entities. See 'EntityValidationErrors' property for more details.
14:45:09 > Validation failed for one or more entities. See 'EntityValidationErrors' property for more details.
14:45:56 > Validation failed for one or more entities. See 'EntityValidationErrors' property for more details.
14:50:45 > Validation failed for one or more entities. See 'EntityValidationErrors' property for more details.
>>>>>>> c05d908bef640bd0b905fb4b5189933c037f342e
