09:31:40 > An error occurred while updating the entries. See the inner exception for details.
11:01:21 > La cadena de entrada no tiene el formato correcto.
11:03:03 > La cadena de entrada no tiene el formato correcto.
11:03:52 > La cadena de entrada no tiene el formato correcto.
11:04:46 > La cadena de entrada no tiene el formato correcto.
11:05:45 > La cadena de entrada no tiene el formato correcto.
11:06:45 > La cadena de entrada no tiene el formato correcto.
11:12:09 > El índice estaba fuera del intervalo. Debe ser un valor no negativo e inferior al tamaño de la colección.
Nombre del parámetro: index
11:20:43 > El índice estaba fuera del intervalo. Debe ser un valor no negativo e inferior al tamaño de la colección.
Nombre del parámetro: index
11:21:37 > El índice estaba fuera del intervalo. Debe ser un valor no negativo e inferior al tamaño de la colección.
Nombre del parámetro: index
11:23:54 > El índice estaba fuera del intervalo. Debe ser un valor no negativo e inferior al tamaño de la colección.
Nombre del parámetro: index
11:25:25 > El índice estaba fuera del intervalo. Debe ser un valor no negativo e inferior al tamaño de la colección.
Nombre del parámetro: index
11:27:37 > El índice estaba fuera del intervalo. Debe ser un valor no negativo e inferior al tamaño de la colección.
Nombre del parámetro: index
11:32:57 > Referencia a objeto no establecida como instancia de un objeto.
11:59:32 > La cadena de entrada no tiene el formato correcto.
11:59:41 > La cadena de entrada no tiene el formato correcto.
11:59:53 > La cadena de entrada no tiene el formato correcto.
12:06:19 > Referencia a objeto no establecida como instancia de un objeto.
12:09:13 > Referencia a objeto no establecida como instancia de un objeto.
12:20:01 > An error occurred while updating the entries. See the inner exception for details.
