11:51:05 > No se reconoce la cadena como un valor de DateTime válido. Hay una palabra desconocida a partir del índice 0.
11:51:47 > No se reconoce la cadena como un valor de DateTime válido. Hay una palabra desconocida a partir del índice 0.
11:53:05 > No se reconoce la cadena como un valor de DateTime válido. Hay una palabra desconocida a partir del índice 0.
11:57:22 > No se reconoce la cadena como un valor de DateTime válido. Hay una palabra desconocida a partir del índice 0.
11:58:14 > No se reconoce la cadena como un valor de DateTime válido. Hay una palabra desconocida a partir del índice 0.
12:00:58 > Referencia a objeto no establecida como instancia de un objeto.
12:01:56 > El índice estaba fuera del intervalo. Debe ser un valor no negativo e inferior al tamaño de la colección.
Nombre del parámetro: index
12:02:14 > El índice estaba fuera del intervalo. Debe ser un valor no negativo e inferior al tamaño de la colección.
Nombre del parámetro: index
12:04:18 > La cadena de entrada no tiene el formato correcto.
12:06:02 > Referencia a objeto no establecida como instancia de un objeto.
12:11:24 > La cadena de entrada no tiene el formato correcto.
12:11:38 > La cadena de entrada no tiene el formato correcto.
12:12:26 > La cadena de entrada no tiene el formato correcto.
12:13:00 > La cadena de entrada no tiene el formato correcto.
12:14:01 > La cadena de entrada no tiene el formato correcto.
12:15:37 > LINQ to Entities does not recognize the method 'System.DateTime Parse(System.String)' method, and this method cannot be translated into a store expression.
16:18:46 > Se ha producido un error de comunicación.
16:19:34 > Se ha producido un error de comunicación.
16:24:00 > Se ha producido un error de comunicación.
16:26:43 > Se ha producido un error de comunicación.
