09:51:26 > SQL7008 PENIVE de PRPEDAT no válido para la operación.
09:51:34 > SQL7008 PENIVE de PRPEDAT no válido para la operación.
09:51:48 > SQL7008 PENIVE de PRPEDAT no válido para la operación.
09:53:47 > Se ha producido un error de conversión.
09:53:56 > Se ha producido un error de conversión.
09:56:28 > Se ha producido un error de conversión.
09:56:50 > Se ha producido un error de conversión.
09:58:26 > Se ha producido un error de conversión.
10:28:01 > Se ha producido un error de conversión.
10:30:43 > Se ha producido un error de conversión.
10:34:19 > Se ha producido un error de conversión.
10:35:46 > Se ha producido un error de conversión.
10:54:24 > SQL0440 La rutina USP_PEDEPE_UPDATE de PRPEDAT no se ha encontrado con los parámetros especificados.
10:58:32 > SQL7008 PECOLU de PRPEDAT no válido para la operación.
10:58:41 > SQL7008 PENIVE de PRPEDAT no válido para la operación.
10:58:51 > SQL7008 PECOLU de PRPEDAT no válido para la operación.
11:09:48 > SQL0440 La rutina USP_PEDEPE_UPDATE de PRPEDAT no se ha encontrado con los parámetros especificados.
11:25:54 > SQL0440 La rutina USP_PEDEPE_UPDATE de PRPEDAT no se ha encontrado con los parámetros especificados.
11:32:35 > SQL0440 La rutina USP_PEDEPE_UPDATE de PRPEDAT no se ha encontrado con los parámetros especificados.
11:34:52 > SQL0440 La rutina USP_PEDEPE_UPDATE de PRPEDAT no se ha encontrado con los parámetros especificados.
11:37:05 > SQL0204 USP_PECASI en PRPEDAT de tipo *FILE no encontrado.
11:37:47 > SQL0204 USP_PECASI en PRPEDAT de tipo *FILE no encontrado.
11:38:45 > SQL0204 USP_PECASI en PRPEDAT de tipo *FILE no encontrado.
11:41:56 > SQL7008 PECASI de PRPEDAT no válido para la operación.
11:43:27 > SQL7008 PECASI de PRPEDAT no válido para la operación.
12:25:21 > SQL7008 PECASI de PRPEDAT no válido para la operación.
12:25:36 > SQL7008 PECASI de PRPEDAT no válido para la operación.
12:37:27 > SQL7008 PENIVE de PRPEDAT no válido para la operación.
12:44:03 > SQL7008 PENIVE de PRPEDAT no válido para la operación.
16:15:55 > Error al generar el documento XML.
16:16:22 > Error al generar el documento XML.
16:54:23 > SQL0440 La rutina USP_PE_INSERTAR_PEKABO de PRPEDAT no se ha encontrado con los parámetros especificados.
17:08:12 > Error al generar el documento XML.
17:08:30 > Error al generar el documento XML.
17:10:02 > Error al generar el documento XML.
17:12:53 > Error al generar el documento XML.
17:13:20 > Error al generar el documento XML.
17:16:37 > Error al generar el documento XML.
17:16:57 > Error al generar el documento XML.
17:17:14 > Error al generar el documento XML.
17:17:22 > Error al generar el documento XML.
17:18:18 > Error al generar el documento XML.
17:18:57 > Error al generar el documento XML.
17:19:23 > Error al generar el documento XML.
17:19:38 > Error al generar el documento XML.
