09:57:55 > Fill: la propiedad SelectCommand.Connection no se ha inicializado.
09:57:55 > Fill: la propiedad SelectCommand.Connection no se ha inicializado.
10:00:40 > Pedido no emitido
10:01:26 > SQL0551 No tiene autorización para el objeto USP_P00003 de FAELDAT tipo *PGM.
10:03:55 > El objeto que acepta valores Null debe tener un valor.
10:03:55 > El objeto que acepta valores Null debe tener un valor.
10:08:26 > Pedido no emitido
10:09:52 > SQL0551 No tiene autorización para el objeto USP_P00003 de FAELDAT tipo *PGM.
10:11:48 > Error al enviar correo.
10:11:48 > Ocurrió un error al enviar el correo
10:13:22 > Pedido no emitido
10:17:08 > El servidor SMTP requiere una conexión segura o el cliente no se autenticó. La respuesta del servidor fue: 5.7.57 SMTP; Client was not authenticated to send anonymous mail during MAIL FROM
10:17:08 > Ocurrió un error al enviar el correo
10:17:56 > Pedido no emitido
10:36:14 > El servidor SMTP requiere una conexión segura o el cliente no se autenticó. La respuesta del servidor fue: 5.7.57 SMTP; Client was not authenticated to send anonymous mail during MAIL FROM
10:36:14 > Ocurrió un error al enviar el correo
10:44:55 > Pedido no emitido
10:50:12 > Pedido no emitido
10:53:33 > El buzón de correo no está disponible. La respuesta del servidor fue: 5.7.60 SMTP; Client does not have permissions to send as this sender
10:53:33 > Ocurrió un error al enviar el correo
10:57:05 > Pedido no emitido
13:01:45 > The underlying provider failed on Open.
14:42:53 > Pedido no emitido
14:53:13 > Pedido no emitido
14:59:33 > Pedido no emitido
17:00:41 > Referencia a objeto no establecida como instancia de un objeto.
