13:02:08 > SQL0104 Símbolo { no válido. Símbolos válidos: ( END GET SET CALL DROP FREE HOLD LOCK OPEN WITH ALTER BEGIN.
14:22:27 > SQL5016 Nombre de objeto calificado PRR422P no válido.
14:32:47 > SQL5016 Nombre de objeto calificado PRR422P no válido.
14:34:01 > SQL0901 Error del sistema SQL.
16:03:08 > SQL0901 Error del sistema SQL.
16:03:23 > SQL0901 Error del sistema SQL.
16:12:39 > SQL0901 Error del sistema SQL.
16:13:01 > SQL0901 Error del sistema SQL.
16:13:41 > SQL0901 Error del sistema SQL.
16:13:51 > SQL0901 Error del sistema SQL.
16:14:55 > SQL0901 Error del sistema SQL.
16:18:26 > SQL0901 Error del sistema SQL.
16:19:37 > SQL0901 Error del sistema SQL.
16:21:46 > SQL0104 Símbolo { no válido. Símbolos válidos: ( END GET SET CALL DROP FREE HOLD LOCK OPEN WITH ALTER BEGIN.
16:22:57 > SQL0104 Símbolo { no válido. Símbolos válidos: ( END GET SET CALL DROP FREE HOLD LOCK OPEN WITH ALTER BEGIN.
16:24:19 > SQL0104 Símbolo ; no válido. Símbolos válidos: <FIN DE SENTENCIA>.
16:25:16 > SQL0901 Error del sistema SQL.
16:41:13 > SQL0901 Error del sistema SQL.
16:42:39 > SQL0104 Símbolo { no válido. Símbolos válidos: ( END GET SET CALL DROP FREE HOLD LOCK OPEN WITH ALTER BEGIN.
16:43:22 > SQL0104 Símbolo & no válido. Símbolos válidos: + ) - ? : DAY RRN CAST CHAR DATE DAYS HASH HOUR LEFT NULL TIME.
16:44:31 > SQL0104 Símbolo PLA no válido. Símbolos válidos: :.
16:45:40 > SQL0440 La rutina PRR422P de PRODSRC no se ha encontrado con los parámetros especificados.
16:49:51 > El texto de la sentencia SQL no es válido.
16:50:39 > El texto de la sentencia SQL no es válido.
16:52:40 > SQL0451 Atributos del parámetro 10 no válidos para procedimiento o función PRR422P en *N.
17:04:54 > SQL0104 Símbolo { no válido. Símbolos válidos: ( END GET SET CALL DROP FREE HOLD LOCK OPEN WITH ALTER BEGIN.
17:18:15 > SQL0901 Error del sistema SQL.
17:19:22 > SQL0901 Error del sistema SQL.
17:20:55 > SQL0901 Error del sistema SQL.
17:21:41 > SQL0901 Error del sistema SQL.
17:26:18 > SQL0199 Palabra clave CALL inesperada. Símbolos válidos: <FIN DE SENTENCIA>.
18:34:23 > Se ha producido un error de comunicación.
18:34:23 > Se ha producido un error de comunicación.
18:40:35 > SQL0104 Símbolo '2015-08-20' no válido. Símbolos válidos: ) ,.
