15:09:23 > SQL0104 Símbolo ? no válido. Símbolos válidos: ) ,.
15:10:39 > SQL0104 Símbolo ? no válido. Símbolos válidos: ) ,.
15:14:18 > SQL0104 Símbolo ? no válido. Símbolos válidos: ) ,.
15:32:21 > SQL0104 Símbolo ? no válido. Símbolos válidos: ) ,.
15:40:34 > SQL0104 Símbolo ? no válido. Símbolos válidos: ) ,.
15:46:06 > SQL0104 Símbolo ? no válido. Símbolos válidos: ) ,.
15:46:35 > SQL0104 Símbolo ? no válido. Símbolos válidos: ) ,.
15:52:48 > SQL0803 Se ha especificado valor de clave duplicada.
15:55:36 > SQL0803 Se ha especificado valor de clave duplicada.
16:33:37 > SQL0104 Símbolo ? no válido. Símbolos válidos: ( DAY ROW PATH YEAR LABEL MONTH OPTION RESULT CONNECTION.
16:35:11 > SQL0104 Símbolo ? no válido. Símbolos válidos: ( DAY ROW PATH YEAR LABEL MONTH OPTION RESULT CONNECTION.
16:37:51 > SQL0803 Se ha especificado valor de clave duplicada.
16:38:05 > SQL0803 Se ha especificado valor de clave duplicada.
16:40:27 > SQL0104 Símbolo = no válido. Símbolos válidos: <FIN DE SENTENCIA>.
17:02:01 > SQL7008 PRSECN de PRODDAT no válido para la operación.
17:02:40 > SQL7008 PRSECN de PRODDAT no válido para la operación.
17:05:19 > SQL7008 PRSECN de PRODDAT no válido para la operación.
17:06:49 > SQL7008 PRSECN de PRODDAT no válido para la operación.
17:13:06 > SQL0199 Palabra clave SELECT inesperada. Símbolos válidos: <FIN DE SENTENCIA>.
17:13:21 > SQL0199 Palabra clave SELECT inesperada. Símbolos válidos: <FIN DE SENTENCIA>.
17:14:50 > SQL0199 Palabra clave SELECT inesperada. Símbolos válidos: <FIN DE SENTENCIA>.
17:20:45 > SQL0199 Palabra clave TABLE inesperada. Símbolos válidos: FOR WITH FETCH ORDER UNION EXCEPT OPTIMIZE.
17:27:11 > SQL0199 Palabra clave TABLE inesperada. Símbolos válidos: FOR WITH FETCH ORDER UNION EXCEPT OPTIMIZE.
17:28:15 > SQL0199 Palabra clave SELECT inesperada. Símbolos válidos: <FIN DE SENTENCIA>.
